Tue, 22 Sep 2020 08:36:17 GMT - Info - Server is running on port: 3030
Tue, 22 Sep 2020 08:40:13 GMT - Info - Server is running on port: 3030
Tue, 22 Sep 2020 09:14:15 GMT - Info - Server is running on port: 3030
Tue, 22 Sep 2020 11:29:13 GMT - Info - Server is running on port: 3030
Tue, 22 Sep 2020 11:42:51 GMT - Info - Server is running on port: 3030
Tue, 22 Sep 2020 11:51:29 GMT - Info - Server is running on port: 3030
Tue, 22 Sep 2020 11:51:33 GMT - Info - Server is running on port: 3030
Tue, 22 Sep 2020 12:04:16 GMT - Info - Server is running on port: 3030
Tue, 22 Sep 2020 12:10:25 GMT - Info - Server is running on port: 3030
Tue, 22 Sep 2020 18:18:20 GMT - Info - Server is running on port: 3030
Tue, 22 Sep 2020 12:50:37 GMT - Info - Server is running on port: 3030
Tue, 22 Sep 2020 16:06:31 GMT - Info - Server is running on port: 3030
Tue, 22 Sep 2020 16:12:58 GMT - Info - Server is running on port: 3030
Tue, 22 Sep 2020 16:35:33 GMT - Info - Server is running on port: 3030
Tue, 22 Sep 2020 16:37:00 GMT - Info - Server is running on port: 3030
Tue, 22 Sep 2020 20:27:28 GMT - Info - Server is running on port: 3030
Tue, 22 Sep 2020 20:27:43 GMT - Info - Server is running on port: 3030
Tue, 22 Sep 2020 21:07:42 GMT - Info - Server is running on port: 3030
Tue, 22 Sep 2020 21:13:09 GMT - Info - Server is running on port: 3030
Tue, 22 Sep 2020 21:32:17 GMT - Info - Server is running on port: 3030
Wed, 23 Sep 2020 07:22:35 GMT - Info - Server is running on port: 3030
Wed, 23 Sep 2020 05:24:59 GMT - Info - Server is running on port: 3030
Wed, 23 Sep 2020 13:38:49 GMT - Info - Server is running on port: 3030
Wed, 23 Sep 2020 13:52:44 GMT - Info - Server is running on port: 3030
Wed, 23 Sep 2020 13:56:47 GMT - Info - Server is running on port: 3030
Wed, 23 Sep 2020 14:04:08 GMT - Info - Server is running on port: 3030
Wed, 23 Sep 2020 14:09:47 GMT - Info - Server is running on port: 3030
Wed, 23 Sep 2020 14:23:38 GMT - Info - Server is running on port: 3030
<<<<<<< HEAD
Thu, 24 Sep 2020 14:29:52 GMT - Info - Server is running on port: 3030
=======
Wed, 23 Sep 2020 14:29:29 GMT - Info - Server is running on port: 3030
Wed, 23 Sep 2020 15:07:56 GMT - Info - Server is running on port: 3030
Wed, 23 Sep 2020 18:49:00 GMT - Info - Server is running on port: 3030
Wed, 23 Sep 2020 18:50:06 GMT - Info - Server is running on port: 3030
<<<<<<< HEAD
Wed, 23 Sep 2020 19:27:47 GMT - Info - Server is running on port: 3030
Wed, 23 Sep 2020 19:28:53 GMT - Info - Server is running on port: 3030
Wed, 23 Sep 2020 19:28:57 GMT - Info - Server is running on port: 3030
Wed, 23 Sep 2020 19:29:23 GMT - Info - Server is running on port: 3030
Wed, 23 Sep 2020 21:55:29 GMT - Info - Server is running on port: 3030
Wed, 23 Sep 2020 21:55:31 GMT - Info - Server is running on port: 3030
Wed, 23 Sep 2020 21:55:33 GMT - Info - Server is running on port: 3030
=======
Wed, 23 Sep 2020 19:23:52 GMT - Info - Server is running on port: 3030
<<<<<<< HEAD
Thu, 24 Sep 2020 00:09:57 GMT - Info - Server is running on port: 3030
Thu, 24 Sep 2020 00:11:02 GMT - Info - Server is running on port: 3030
Thu, 24 Sep 2020 00:13:54 GMT - Info - Server is running on port: 3030
=======
>>>>>>> 9f6181c61112c676a89d24a38c3c9617a89512db
<<<<<<< HEAD
Thu, 24 Sep 2020 07:00:58 GMT - Info - Server is running on port: 3030
=======
>>>>>>> 202a4ae3317a695201252440e056c7fc5d179cd3
Thu, 24 Sep 2020 00:14:26 GMT - Info - Server is running on port: 3030
<<<<<<< HEAD
Thu, 24 Sep 2020 00:16:17 GMT - Info - Server is running on port: 3030
Thu, 24 Sep 2020 05:53:50 GMT - Info - Server is running on port: 3030
=======
>>>>>>> eb262e483efdb2d78dee9e2ac32863a906a53a4f
Thu, 24 Sep 2020 07:28:58 GMT - Info - Server is running on port: 3030
>>>>>>> 857ff072a468ea92818cc936918339eb73f12e7f
Thu, 24 Sep 2020 07:35:50 GMT - Info - Server is running on port: 3030
Thu, 24 Sep 2020 07:38:26 GMT - Info - Server is running on port: 3030
<<<<<<< HEAD
Thu, 24 Sep 2020 07:40:56 GMT - Info - Server is running on port: 3030
=======
Thu, 24 Sep 2020 07:47:11 GMT - Info - Server is running on port: 3030
Thu, 24 Sep 2020 07:56:28 GMT - Info - Server is running on port: 3030
Thu, 24 Sep 2020 09:31:44 GMT - Info - Server is running on port: 3030
Thu, 24 Sep 2020 09:33:49 GMT - Info - Server is running on port: 3030
Thu, 24 Sep 2020 09:34:17 GMT - Info - Server is running on port: 3030
Thu, 24 Sep 2020 09:34:39 GMT - Info - Server is running on port: 3030
<<<<<<< HEAD
Thu, 24 Sep 2020 10:03:59 GMT - Info - Server is running on port: 3030
Thu, 24 Sep 2020 10:11:42 GMT - Info - Server is running on port: 3030
Thu, 24 Sep 2020 10:12:32 GMT - Info - Server is running on port: 3030
Thu, 24 Sep 2020 10:29:58 GMT - Info - Server is running on port: 3030
=======
<<<<<<< HEAD
>>>>>>> a518de3b6ec45933112db1341b4f1e39ff97cbc2
Thu, 24 Sep 2020 10:00:14 GMT - Info - Server is running on port: 3030
Thu, 24 Sep 2020 10:01:48 GMT - Info - Server is running on port: 3030
Thu, 24 Sep 2020 10:02:33 GMT - Info - Server is running on port: 3030
Thu, 24 Sep 2020 10:05:45 GMT - Info - Server is running on port: 3030
Thu, 24 Sep 2020 10:09:12 GMT - Info - Server is running on port: 3030
=======
Thu, 24 Sep 2020 09:56:41 GMT - Info - Server is running on port: 3030
<<<<<<< HEAD
Thu, 24 Sep 2020 10:03:17 GMT - Info - Server is running on port: 3030
Thu, 24 Sep 2020 10:03:25 GMT - Info - Server is running on port: 3030
Thu, 24 Sep 2020 10:05:37 GMT - Info - Server is running on port: 3030
Thu, 24 Sep 2020 10:06:02 GMT - Info - Server is running on port: 3030
Thu, 24 Sep 2020 10:06:04 GMT - Info - Server is running on port: 3030
Thu, 24 Sep 2020 10:06:15 GMT - Info - Server is running on port: 3030
Thu, 24 Sep 2020 10:06:38 GMT - Info - Server is running on port: 3030
Thu, 24 Sep 2020 10:06:41 GMT - Info - Server is running on port: 3030
Thu, 24 Sep 2020 10:06:45 GMT - Info - Server is running on port: 3030
Thu, 24 Sep 2020 10:07:02 GMT - Info - Server is running on port: 3030
=======
>>>>>>> d70aab7be5150211b484c59e61dea7dc24851214
<<<<<<< HEAD
>>>>>>> b7ef9e0abdabf3e63c354ab3d5b1f99d522c7946
Thu, 24 Sep 2020 10:40:00 GMT - Info - Server is running on port: 3030
=======
<<<<<<< HEAD
Thu, 24 Sep 2020 10:27:28 GMT - Info - Server is running on port: 3030
=======
>>>>>>> b7ef9e0abdabf3e63c354ab3d5b1f99d522c7946
>>>>>>> f708ae444f699b1bb0c9fa7e8a3eb24b11665ada
>>>>>>> e1d49f1c038938c743313cdf58068d4fed143686
Thu, 24 Sep 2020 10:51:31 GMT - Info - Server is running on port: 3030
Thu, 24 Sep 2020 10:52:04 GMT - Info - Server is running on port: 3030
Thu, 24 Sep 2020 11:00:12 GMT - Info - Server is running on port: 3030
Thu, 24 Sep 2020 14:26:28 GMT - Info - Server is running on port: 3030
Thu, 24 Sep 2020 14:27:58 GMT - Info - Server is running on port: 3030
Thu, 24 Sep 2020 15:57:04 GMT - Info - Server is running on port: 3030
Thu, 24 Sep 2020 18:29:52 GMT - Info - Server is running on port: 3030
Thu, 24 Sep 2020 18:30:18 GMT - Info - Server is running on port: 3030
Thu, 24 Sep 2020 18:30:33 GMT - Info - Server is running on port: 3030
Thu, 24 Sep 2020 21:19:35 GMT - Info - Server is running on port: 3030
>>>>>>> 6090bd78156a0a89924322f56db71229f5f3ec13
